<?xml version="1.0" encoding="UTF-8"?>
<!-- Generated by org.testng.reporters.JUnitReportReporter -->
<testsuite hostname="LAPTOP-OITAHU7F" failures="0" tests="4" name="testCases.HomePageTest" time="16.646" errors="0" timestamp="2022-08-20T06:50:44 IST" skipped="0">
  <testcase classname="testCases.HomePageTest" name="verifyTopNavigationBar" time="3.454"/>
  <system-out/>
  <testcase classname="testCases.HomePageTest" name="verifyMyAccount" time="3.669"/>
  <system-out/>
  <testcase classname="testCases.HomePageTest" name="verifySearchButton" time="3.273"/>
  <system-out/>
  <testcase classname="testCases.HomePageTest" name="verifyHomePageTitle" time="6.250"/>
  <system-out/>
</testsuite> <!-- testCases.HomePageTest -->
