<?xml version="1.0" encoding="UTF-8"?>
<!-- Generated by org.testng.reporters.JUnitReportReporter -->
<testsuite hostname="LAPTOP-OITAHU7F" failures="0" tests="2" name="testCases.LoginPageTest" time="14.763" errors="0" timestamp="2022-08-19T08:57:08 IST" skipped="0">
  <testcase classname="testCases.LoginPageTest" name="verifyLoginPageTitleTest" time="10.024"/>
  <system-out/>
  <testcase classname="testCases.LoginPageTest" name="verifyForgetPasswordLink" time="4.739"/>
  <system-out/>
</testsuite> <!-- testCases.LoginPageTest -->
